<?xml version="1.0" encoding="UTF-8"?>
<!-- Generated by org.testng.reporters.JUnitReportReporter -->
<testsuite skipped="0" hostname="DESKTOP-KMFJ2QA" name="Sanity.SearchTest" tests="1" failures="0" timestamp="19 Feb 2019 22:43:08 GMT" time="8.124" errors="0">
  <testcase name="log__in" time="8.124" classname="Sanity.SearchTest"/>
</testsuite> <!-- Sanity.SearchTest -->
