<?xml version="1.0" encoding="UTF-8"?>
<!-- Generated by org.testng.reporters.JUnitReportReporter -->
<testsuite skipped="0" hostname="DESKTOP-KMFJ2QA" name="com.newtours.tests.BookFlightTest" tests="20" failures="0" timestamp="19 Feb 2019 19:49:30 GMT" time="28.407" errors="0">
  <testcase name="flightConfirmationPage" time="1.059" classname="com.newtours.tests.BookFlightTest"/>
  <testcase name="flightConfirmationPage" time="1.008" classname="com.newtours.tests.BookFlightTest"/>
  <testcase name="flightConfirmationPage" time="1.006" classname="com.newtours.tests.BookFlightTest"/>
  <testcase name="registrationPage" time="2.563" classname="com.newtours.tests.BookFlightTest"/>
  <testcase name="findFlightPage" time="1.842" classname="com.newtours.tests.BookFlightTest"/>
  <testcase name="flightDetailsPage" time="0.743" classname="com.newtours.tests.BookFlightTest"/>
  <testcase name="flightDetailsPage" time="0.791" classname="com.newtours.tests.BookFlightTest"/>
  <testcase name="registrationPage" time="2.697" classname="com.newtours.tests.BookFlightTest"/>
  <testcase name="flightConfirmationPage" time="1.040" classname="com.newtours.tests.BookFlightTest"/>
  <testcase name="registrationPage" time="2.592" classname="com.newtours.tests.BookFlightTest"/>
  <testcase name="registrationConfirmationPage" time="0.659" classname="com.newtours.tests.BookFlightTest"/>
  <testcase name="findFlightPage" time="1.734" classname="com.newtours.tests.BookFlightTest"/>
  <testcase name="findFlightPage" time="1.932" classname="com.newtours.tests.BookFlightTest"/>
  <testcase name="registrationConfirmationPage" time="0.843" classname="com.newtours.tests.BookFlightTest"/>
  <testcase name="registrationConfirmationPage" time="0.831" classname="com.newtours.tests.BookFlightTest"/>
  <testcase name="findFlightPage" time="1.919" classname="com.newtours.tests.BookFlightTest"/>
  <testcase name="registrationPage" time="2.738" classname="com.newtours.tests.BookFlightTest"/>
  <testcase name="flightDetailsPage" time="0.800" classname="com.newtours.tests.BookFlightTest"/>
  <testcase name="flightDetailsPage" time="0.732" classname="com.newtours.tests.BookFlightTest"/>
  <testcase name="registrationConfirmationPage" time="0.878" classname="com.newtours.tests.BookFlightTest"/>
</testsuite> <!-- com.newtours.tests.BookFlightTest -->
