<?xml version="1.0" encoding="UTF-8"?>
<!-- Generated by org.testng.reporters.JUnitReportReporter -->
<testsuite skipped="0" hostname="DESKTOP-KMFJ2QA" name="com.searchmodule.tests.SearchTest" tests="4" failures="0" timestamp="19 Feb 2019 19:51:09 GMT" time="14.359" errors="0">
  <testcase name="search" time="3.905" classname="com.searchmodule.tests.SearchTest"/>
  <testcase name="search" time="3.473" classname="com.searchmodule.tests.SearchTest"/>
  <testcase name="search" time="3.515" classname="com.searchmodule.tests.SearchTest"/>
  <testcase name="search" time="3.466" classname="com.searchmodule.tests.SearchTest"/>
</testsuite> <!-- com.searchmodule.tests.SearchTest -->
