<?xml version="1.0" encoding="UTF-8"?>
<!-- Generated by org.testng.reporters.JUnitReportReporter -->
<testsuite skipped="0" hostname="DESKTOP-KMFJ2QA" name="Sanity.LoginTest7" tests="1" failures="0" timestamp="20 Feb 2019 12:10:52 GMT" time="8.474" errors="0">
  <testcase name="log__in" time="8.474" classname="Sanity.LoginTest7"/>
</testsuite> <!-- Sanity.LoginTest7 -->
