<?xml version="1.0" encoding="UTF-8"?>
<!-- Generated by org.testng.reporters.JUnitReportReporter -->
<testsuite skipped="0" hostname="DESKTOP-KMFJ2QA" name="Sanity.LoginTest" tests="1" failures="0" timestamp="21 Feb 2019 05:25:29 GMT" time="8.052" errors="0">
  <testcase name="log__in" time="8.052" classname="Sanity.LoginTest"/>
</testsuite> <!-- Sanity.LoginTest -->
