<?xml version="1.0" encoding="UTF-8"?>
<!-- Generated by org.testng.reporters.JUnitReportReporter -->
<testsuite skipped="0" hostname="DESKTOP-KMFJ2QA" name="Sanity.LoginTest6" tests="1" failures="0" timestamp="20 Feb 2019 12:10:52 GMT" time="7.743" errors="0">
  <testcase name="log__in" time="7.743" classname="Sanity.LoginTest6"/>
</testsuite> <!-- Sanity.LoginTest6 -->
