<?xml version="1.0" encoding="UTF-8"?>
<!-- Generated by org.testng.reporters.JUnitReportReporter -->
<testsuite skipped="0" hostname="DESKTOP-KMFJ2QA" name="Sanity.LoginTest11" tests="1" failures="0" timestamp="21 Feb 2019 09:29:21 GMT" time="9.592" errors="0">
  <testcase name="log__in" time="9.592" classname="Sanity.LoginTest11"/>
</testsuite> <!-- Sanity.LoginTest11 -->
